<?xml version="1.0" encoding="UTF-8"?>
<!-- Generated by org.testng.reporters.JUnitReportReporter -->
<testsuite hostname="DESKTOP-T1R37VL" failures="0" tests="5" name="com.supermanage1.s2" time="216.796" errors="0" timestamp="2024-05-24T17:57:37 IST" skipped="0">
  <testcase classname="com.supermanage1.s2" name="testProcess" time="41.606"/>
  <testcase classname="com.supermanage1.s2" name="testProcess" time="41.781"/>
  <testcase classname="com.supermanage1.s2" name="testProcess" time="42.598"/>
  <testcase classname="com.supermanage1.s2" name="testProcess" time="49.193"/>
  <testcase classname="com.supermanage1.s2" name="testProcess" time="41.618"/>
</testsuite> <!-- com.supermanage1.s2 -->
